<?xml version="1.0" encoding="UTF-8"?>
<beans xmlns="http://www.springframework.org/schema/beans"
	xmlns:xsi="http://www.w3.org/2001/XMLSchema-instance" xmlns:context="http://www.springframework.org/schema/context"
	xmlns:p="http://www.springframework.org/schema/p" xmlns:util="http://www.springframework.org/schema/util"
	xmlns:aop="http://www.springframework.org/schema/aop"
	xsi:schemaLocation="http://www.springframework.org/schema/beans http://www.springframework.org/schema/beans/spring-beans-3.0.xsd
		http://www.springframework.org/schema/context http://www.springframework.org/schema/context/spring-context-3.0.xsd
		http://www.springframework.org/schema/util http://www.springframework.org/schema/util/spring-util-3.0.xsd
		http://www.springframework.org/schema/aop http://www.springframework.org/schema/aop/spring-aop-3.0.xsd">

	<context:property-placeholder location="classpath*:/*.properties" />

	<import resource="classpath*:/META-INF/openlegacy-rpc-basic-context.xml" />

	<bean id="rpcRegistry" class="org.openlegacy.rpc.support.DefaultRpcEntitiesRegistry">
		<property name="packages">
			<list>
				<value>org.openlegacy.cache.tests.models</value>
			</list>
		</property>
	</bean>

	<bean id="rpcConnectionFactory" class="org.openlegacy.cache.tests.stuff.CrudMockRpcConnectionFactory">
		<property name="root" value="/" />
		<property name="trailName" value="test_session.trail.xml" />
		<property name="verifySend" value="true" />
	</bean>

	<bean id="rpcConnection" class="org.openlegacy.cache.tests.stuff.CrudMockRpcConnection"
		factory-bean="rpcConnectionFactory" factory-method="getConnection" />

	<bean id="rpcSession"
		class="org.openlegacy.cache.tests.stuff.CacheableMockupRpcSession"
		scope="prototype" parent="abstractRpcSession">
		<property name="connection" ref="rpcConnection" />
	</bean>

	<bean id="rpcRecognizer" class="org.openlegacy.rpc.recognizers.DefaultRpcRecognizer" />

	<bean id="cacheManager" class="org.openlegacy.cache.ehcache.EhcacheCacheManager" />

</beans>
