<beans xmlns="http://www.springframework.org/schema/beans"
	xmlns:xsi="http://www.w3.org/2001/XMLSchema-instance" xmlns:context="http://www.springframework.org/schema/context"
	xmlns:p="http://www.springframework.org/schema/p"
	xsi:schemaLocation="http://www.springframework.org/schema/beans http://www.springframework.org/schema/beans/spring-beans-3.0.xsd
		http://www.springframework.org/schema/context http://www.springframework.org/schema/context/spring-context-3.0.xsd">

	<import resource="classpath:/test-rpc-basic-context.xml" />
	<bean id="rpcConnection" class="org.openlegacy.rpc.mock.MockRpcConnection" factory-bean="rpcConnectionFactory" factory-method="getConnection" />
	
	<bean id="rpcConnectionFactory"
		class="org.openlegacy.rpc.mock.MockRpcConnectionFactoryImp">
		<property name="root" value="/org/openlegacy/rpc/mock" />
		<property name="trailName" value="dummyRpc.xml" />
		<property name="verifySend" value="true" />
	</bean>

</beans>